2024-02-07 16:59:55,704 - INFO - started processing
2024-02-07 16:59:56,167 - INFO - started processing
2024-02-07 17:00:36,804 - INFO - started processing
2024-02-07 17:00:37,057 - INFO - started processing
2024-02-07 17:01:27,192 - INFO - processing GET api call....
2024-02-07 17:03:59,159 - INFO - processing GET api call....
2024-02-07 17:04:26,181 - INFO - processing GET api call....
2024-02-07 17:07:47,316 - INFO - processing GET api call....
2024-02-07 17:07:55,010 - INFO - Sucess POST api call....
2024-02-07 17:09:43,510 - INFO - Sucess POST api call....
2024-02-07 17:12:43,844 - INFO - Sucess POST api call....
2024-02-07 17:12:57,131 - INFO - Sucess POST api call....
2024-02-07 17:15:22,231 - INFO - started processing
2024-02-07 17:15:22,593 - INFO - started processing
2024-02-07 17:15:31,324 - INFO - Sucess POST api call....
2024-02-07 17:15:31,324 - INFO - Received POST request:
2024-02-07 17:15:55,712 - INFO - started processing
2024-02-07 17:15:55,946 - INFO - started processing
2024-02-07 17:16:18,806 - INFO - Sucess POST api call....
2024-02-07 17:16:18,807 - INFO - Received POST request:
2024-02-07 17:16:18,807 - INFO - Request JSON data: {'_id': 'example_id', 'key1': 'value1', 'key2': 'value2'}
2024-02-07 17:16:18,953 - INFO - end processing
2024-02-07 17:20:36,689 - INFO - Sucess POST api call....
2024-02-07 17:20:36,690 - INFO - Received POST request:
2024-02-07 17:20:36,691 - INFO - Request JSON data: {'_id': 'example_id', 'key1': 'value1', 'key2': 'bharat'}
2024-02-07 17:20:36,781 - INFO - end processing
2024-02-07 17:20:47,145 - INFO - Sucess POST api call....
2024-02-07 17:20:47,145 - INFO - Received POST request:
2024-02-07 17:21:06,561 - INFO - Sucess POST api call....
2024-02-07 17:21:06,561 - INFO - Received POST request:
2024-02-07 17:21:06,562 - INFO - Request JSON data: {'_id': 'example_id', 'key1': 'value1', 'key2': 'bharat'}
2024-02-07 17:21:06,626 - INFO - end processing
2024-02-07 17:26:52,347 - INFO - processing GET api call....
2024-02-07 17:27:16,372 - INFO - processing GET api call....
2024-02-07 17:30:14,761 - INFO - processing GET api call....
2024-02-07 18:05:23,691 - INFO - Sucess POST api call....
2024-02-07 18:05:23,696 - INFO - Received POST request:
2024-02-07 18:05:23,702 - INFO - Request JSON data: {'_id': '12', 'name': 'sharath', 'address': 'telangana'}
2024-02-07 18:05:23,742 - INFO - end processing
2024-02-07 18:13:59,271 - INFO - started processing
2024-02-07 18:14:30,314 - INFO - started processing
2024-02-07 18:14:30,831 - INFO - started processing
2024-02-07 18:15:04,388 - INFO - Sucess POST api call....
2024-02-07 18:15:04,389 - INFO - Received POST request:
2024-02-07 18:15:04,389 - INFO - Request JSON data: {'_id': '78', 'name': 'rakesh', 'address': 'kphb'}
2024-02-07 18:15:04,451 - INFO - Rabbit MQ Response - 
2024-02-07 18:15:04,451 - INFO - end processing
2024-02-07 18:15:49,130 - INFO - started processing
2024-02-07 18:15:56,492 - INFO - Sucess POST api call....
2024-02-07 18:15:56,492 - INFO - Received POST request:
2024-02-07 18:15:56,493 - INFO - Request JSON data: {'_id': '78', 'name': 'rakesh gora', 'address': 'kphb'}
2024-02-07 18:15:56,550 - INFO - Rabbit MQ Response - 
2024-02-07 18:15:56,550 - INFO - end processing
